<?xml version="1.0" encoding="UTF-8"?>
<!-- Generated by org.testng.reporters.JUnitReportReporter -->
<testsuite hostname="DESKTOP-NKODD6E" failures="0" tests="2" name="restassured.Testng" time="0.005" errors="0" timestamp="15 Mar 2022 04:07:05 GMT">
  <testcase classname="restassured.Testng" name="TestCase2" time="0.001"/>
  <testcase classname="restassured.Testng" name="TestCase1" time="0.004"/>
</testsuite> <!-- restassured.Testng -->
