<?xml version="1.0" encoding="UTF-8"?>
<!-- Generated by org.testng.reporters.JUnitReportReporter -->
<testsuite hostname="DESKTOP-NKODD6E" failures="0" tests="2" name="restassured.Ecommerce" time="19.001" errors="0" timestamp="16 Mar 2022 07:28:50 GMT">
  <testcase classname="restassured.Ecommerce" name="createcustomer" time="13.211"/>
  <testcase classname="restassured.Ecommerce" name="login" time="5.790"/>
</testsuite> <!-- restassured.Ecommerce -->
