<?xml version="1.0" encoding="UTF-8"?>
<!-- Generated by org.testng.reporters.JUnitReportReporter -->
<testsuite hostname="DESKTOP-NKODD6E" failures="0" tests="2" name="restassured.trellosecond" time="2.910" errors="0" timestamp="15 Mar 2022 09:39:47 GMT">
  <testcase classname="restassured.trellosecond" name="createboard" time="2.282"/>
  <testcase classname="restassured.trellosecond" name="getboard" time="0.628"/>
</testsuite> <!-- restassured.trellosecond -->
