<?xml version="1.0" encoding="UTF-8"?>
<!-- Generated by org.testng.reporters.JUnitReportReporter -->
<testsuite hostname="DESKTOP-NKODD6E" failures="0" tests="2" name="restassured.mariya" time="11.484" errors="0" timestamp="15 Mar 2022 12:42:27 GMT">
  <testcase classname="restassured.mariya" name="signup" time="7.476"/>
  <testcase classname="restassured.mariya" name="Login" time="4.008"/>
</testsuite> <!-- restassured.mariya -->
