<?xml version="1.0" encoding="UTF-8"?>
<!-- Generated by org.testng.reporters.JUnitReportReporter -->
<testsuite hostname="DESKTOP-NKODD6E" failures="0" tests="3" name="restassured.Trello" time="5.229" errors="0" timestamp="16 Mar 2022 03:53:10 GMT">
  <testcase classname="restassured.Trello" name="DeleteBoard" time="0.998"/>
  <testcase classname="restassured.Trello" name="getboard" time="0.735"/>
  <testcase classname="restassured.Trello" name="createBoard" time="3.496"/>
</testsuite> <!-- restassured.Trello -->
